Done copying.
Python 3.8.1
Python code starts now!
dataset : /scratch/Books_5.json.gz
pkl_path : /home/hbartsch/thesis-user-modelling/datasets/out-pickle-full
batch_size : 128
max_seq_length : 512
drop_org_reviews : 0
n_reviews : -1
Device: cuda:0
30522
Start reading: /scratch/Books_5.json.gz
0
1
2
3
4
5
6
7
8
9
10
11
12
13
14
15
16
17
18
19
20
21
22
23
24
25
26
27
Lines read: 27164984
Constructing DataFrame..
/var/spool/slurm-llnl/slurmd/job4426698/slurm_script: line 41: 135352 Killed                  python -u prep_amazon_books.py --dataset="$TMPDIR"/Books_5.json.gz --pkl_path=$outdir
slurmstepd: error: Detected 1 oom-kill event(s) in step 4426698.batch cgroup. Some of your processes may have been killed by the cgroup out-of-memory handler.
